@!@!@STARTMSG 2262:0 @!@!@
TLC2 Version 2.16 of 31 December 2020 (rev: cdddf55)
@!@!@ENDMSG 2262 @!@!@
@!@!@STARTMSG 2187:0 @!@!@
Running breadth-first search Model-Checking with fp 112 and seed 2508623371526497964 with 1 worker on 16 cores with 3102MB heap and 64MB offheap memory [pid: 6820] (Linux 6.1.75-060175-generic amd64, Azul Systems, Inc. 11.0.22 x86_64, MSBDiskFPSet, DiskStateQueue).
@!@!@ENDMSG 2187 @!@!@
@!@!@STARTMSG 2220:0 @!@!@
Starting SANY...
@!@!@ENDMSG 2220 @!@!@
Parsing file /workspace/River-Crossing-Puzzle/rivercrossing.tla
Semantic processing of module rivercrossing
@!@!@STARTMSG 2219:0 @!@!@
SANY finished.
@!@!@ENDMSG 2219 @!@!@
@!@!@STARTMSG 2185:0 @!@!@
Starting... (2024-02-29 05:50:33)
@!@!@ENDMSG 2185 @!@!@
@!@!@STARTMSG 2189:0 @!@!@
Computing initial states...
@!@!@ENDMSG 2189 @!@!@
@!@!@STARTMSG 2190:0 @!@!@
Finished computing initial states: 1 distinct state generated at 2024-02-29 05:50:33.
@!@!@ENDMSG 2190 @!@!@
@!@!@STARTMSG 2115:1 @!@!@
No next state actions defined to generate successor states from.
@!@!@ENDMSG 2115 @!@!@
@!@!@STARTMSG 2186:0 @!@!@
Finished in 1080ms at (2024-02-29 05:50:33)
@!@!@ENDMSG 2186 @!@!@
